Android/app/build/intermediates/manifest_merge_blame_file/installedRelease/manifest-merger-blame-installed-release-report.txt
1<?xml version="1.0" encoding="utf-8"?>
2<manifest xmlns:android="http://schemas.android.com/apk/res/android"
3    package="com.codyjking.volleyballpassingstats"
4    android:versionCode="11"
5    android:versionName="2.0.7" >
6
7    <uses-sdk
8        android:minSdkVersion="21"
8-->src/main/AndroidManifest.xml
9        android:targetSdkVersion="28" />
9-->src/main/AndroidManifest.xml
10
11    <application
11-->src/main/AndroidManifest.xml:5:5-36:19
12        android:allowBackup="true"
12-->src/main/AndroidManifest.xml:6:9-35
13        android:appComponentFactory="android.support.v4.app.CoreComponentFactory"
13-->[com.android.support:support-compat:28.0.0] AndroidManifest.xml:22:18-91
14        android:fullBackupContent="true"
14-->src/main/AndroidManifest.xml:7:9-41
15        android:icon="@mipmap/launcher"
15-->src/main/AndroidManifest.xml:8:9-40
16        android:label="@string/app_name"
16-->src/main/AndroidManifest.xml:9:9-41
17        android:roundIcon="@mipmap/launcher"
17-->src/main/AndroidManifest.xml:10:9-45
18        android:supportsRtl="true"
18-->src/main/AndroidManifest.xml:11:9-35
19        android:theme="@style/AppTheme" >
19-->src/main/AndroidManifest.xml:12:9-40
20        <activity android:name="com.codyjking.volleyballpassingstats.MainActivity" >
20-->src/main/AndroidManifest.xml:13:9-18:20
20-->src/main/AndroidManifest.xml:13:19-47
21            <intent-filter android:autoVerify="true" >
21-->src/main/AndroidManifest.xml:14:13-17:29
21-->src/main/AndroidManifest.xml:14:28-53
22                <action android:name="android.intent.action.MAIN" />
22-->src/main/AndroidManifest.xml:15:17-69
22-->src/main/AndroidManifest.xml:15:25-66
23
24                <category android:name="android.intent.category.LAUNCHER" />
24-->src/main/AndroidManifest.xml:16:17-77
24-->src/main/AndroidManifest.xml:16:27-74
25            </intent-filter>
26        </activity>
27        <activity
27-->src/main/AndroidManifest.xml:19:9-27:20
28            android:name="com.codyjking.volleyballpassingstats.AboutActivity"
28-->src/main/AndroidManifest.xml:20:13-42
29            android:label="@string/title_activity_about"
29-->src/main/AndroidManifest.xml:21:13-57
30            android:parentActivityName="com.codyjking.volleyballpassingstats.MainActivity"
30-->src/main/AndroidManifest.xml:22:13-55
31            android:theme="@style/AppTheme.NoActionBar" >
31-->src/main/AndroidManifest.xml:23:13-56
32            <meta-data
32-->src/main/AndroidManifest.xml:24:13-26:85
33                android:name="android.support.PARENT_ACTIVITY"
33-->src/main/AndroidManifest.xml:25:17-63
34                android:value="com.codyjking.volleyballpassingstats.MainActivity" />
34-->src/main/AndroidManifest.xml:26:17-82
35        </activity>
36        <activity
36-->src/main/AndroidManifest.xml:28:9-35:20
37            android:name="com.codyjking.volleyballpassingstats.SettingsActivity"
37-->src/main/AndroidManifest.xml:29:13-45
38            android:label="Settings"
38-->src/main/AndroidManifest.xml:30:13-37
39            android:parentActivityName="com.codyjking.volleyballpassingstats.MainActivity" >
39-->src/main/AndroidManifest.xml:31:13-55
40            <meta-data
40-->src/main/AndroidManifest.xml:24:13-26:85
41                android:name="android.support.PARENT_ACTIVITY"
41-->src/main/AndroidManifest.xml:25:17-63
42                android:value="com.codyjking.volleyballpassingstats.MainActivity" />
42-->src/main/AndroidManifest.xml:26:17-82
43        </activity>
44
45        <provider
45-->[android.arch.lifecycle:extensions:1.1.1] AndroidManifest.xml:23:9-27:43
46            android:name="android.arch.lifecycle.ProcessLifecycleOwnerInitializer"
46-->[android.arch.lifecycle:extensions:1.1.1] AndroidManifest.xml:24:13-83
47            android:authorities="com.codyjking.volleyballpassingstats.lifecycle-trojan"
47-->[android.arch.lifecycle:extensions:1.1.1] AndroidManifest.xml:25:13-68
48            android:exported="false"
48-->[android.arch.lifecycle:extensions:1.1.1] AndroidManifest.xml:26:13-37
49            android:multiprocess="true" />
49-->[android.arch.lifecycle:extensions:1.1.1] AndroidManifest.xml:27:13-40
50    </application>
51
52</manifest>